/project/aip-rgoebel/jdai/env_re/lib/python3.11/site-packages/torch/utils/data/dataloader.py:624: UserWarning: This DataLoader will create 8 worker processes in total. Our suggested max number of worker in current system is 4, which is smaller than what this DataLoader is going to create. Please be aware that excessive worker creation might get DataLoader running slow or even freeze, lower the worker number to avoid potential slowness/freeze if necessary.
  warnings.warn(
Some weights of ViTModel were not initialized from the model checkpoint at google/vit-base-patch16-224 and are newly initialized: ['pooler.dense.bias', 'pooler.dense.weight']
You should probably TRAIN this model on a down-stream task to be able to use it for predictions and inference.
Some weights of ViTModel were not initialized from the model checkpoint at google/vit-base-patch16-224 and are newly initialized: ['pooler.dense.bias', 'pooler.dense.weight']
You should probably TRAIN this model on a down-stream task to be able to use it for predictions and inference.
wandb: Currently logged in as: dai1 (dai1-uofa) to https://api.wandb.ai. Use `wandb login --relogin` to force relogin
wandb: creating run
wandb: Tracking run with wandb version 0.21.0
wandb: Run data is saved locally in /project/aip-rgoebel/jdai/RE_Base/wandb/run-20260324_200937-3txgw08m
wandb: Run `wandb offline` to turn off syncing.
wandb: Syncing run vit_base_cls100_2034
wandb: ⭐️ View project at https://wandb.ai/dai1-uofa/vit_base_cls100
wandb: 🚀 View run at https://wandb.ai/dai1-uofa/vit_base_cls100/runs/3txgw08m
/project/aip-rgoebel/jdai/env_re/lib/python3.11/site-packages/torch/utils/data/dataloader.py:624: UserWarning: This DataLoader will create 8 worker processes in total. Our suggested max number of worker in current system is 4, which is smaller than what this DataLoader is going to create. Please be aware that excessive worker creation might get DataLoader running slow or even freeze, lower the worker number to avoid potential slowness/freeze if necessary.
  warnings.warn(

Parameters:
	ALPHA_RE=0.5
	BATCH_SIZE=32
	BILSTM_DIM=256
	CONTIG_LAMBDA=0
	CUDA=True
	DATASET=cifar100-100
	DROPOUT=0.1
	EPOCHS=20
	FILTER_NUM=100
	FILTERS=[3, 4, 5]
	GET_RATIONALES=False
	HARD_LABEL=False
	HIDDEN_DIM=100
	ID=vit_base_cls100
	ID_T=test_run
	INIT_LR=1e-05
	INIT_T=5
	KD_R_LAMBDA=0.01
	MODEL_FORM=google/vit-base-patch16-224
	MODEL_FORM_T=Not specified
	NUM_LAYERS=1
	PATIENCE=999
	RAND_SEED=2034
	RESULTS_DIR=results
	SAVE_DIR=saved
	SELECT_LAMBDA=0.001
	SNAPSHOT=None
	TARGET_SPARSITY=0.1
	TEST=True
	TOTAL_FEATURES=256
	TRAIN=True
	WARMUP=False
	WEIGHT_DECAY=0.001
Original class distribution: (array([ 0,  1,  2,  3,  4,  5,  6,  7,  8,  9, 10, 11, 12, 13, 14, 15, 16,
       17, 18, 19, 20, 21, 22, 23, 24, 25, 26, 27, 28, 29, 30, 31, 32, 33,
       34, 35, 36, 37, 38, 39, 40, 41, 42, 43, 44, 45, 46, 47, 48, 49, 50,
       51, 52, 53, 54, 55, 56, 57, 58, 59, 60, 61, 62, 63, 64, 65, 66, 67,
       68, 69, 70, 71, 72, 73, 74, 75, 76, 77, 78, 79, 80, 81, 82, 83, 84,
       85, 86, 87, 88, 89, 90, 91, 92, 93, 94, 95, 96, 97, 98, 99]), array([500, 500, 500, 500, 500, 500, 500, 500, 500, 500, 500, 500, 500,
       500, 500, 500, 500, 500, 500, 500, 500, 500, 500, 500, 500, 500,
       500, 500, 500, 500, 500, 500, 500, 500, 500, 500, 500, 500, 500,
       500, 500, 500, 500, 500, 500, 500, 500, 500, 500, 500, 500, 500,
       500, 500, 500, 500, 500, 500, 500, 500, 500, 500, 500, 500, 500,
       500, 500, 500, 500, 500, 500, 500, 500, 500, 500, 500, 500, 500,
       500, 500, 500, 500, 500, 500, 500, 500, 500, 500, 500, 500, 500,
       500, 500, 500, 500, 500, 500, 500, 500, 500]))
Training class distribution: {0: 400, 1: 400, 2: 400, 3: 400, 4: 400, 5: 400, 6: 400, 7: 400, 8: 400, 9: 400, 10: 400, 11: 400, 12: 400, 13: 400, 14: 400, 15: 400, 16: 400, 17: 400, 18: 400, 19: 400, 20: 400, 21: 400, 22: 400, 23: 400, 24: 400, 25: 400, 26: 400, 27: 400, 28: 400, 29: 400, 30: 400, 31: 400, 32: 400, 33: 400, 34: 400, 35: 400, 36: 400, 37: 400, 38: 400, 39: 400, 40: 400, 41: 400, 42: 400, 43: 400, 44: 400, 45: 400, 46: 400, 47: 400, 48: 400, 49: 400, 50: 400, 51: 400, 52: 400, 53: 400, 54: 400, 55: 400, 56: 400, 57: 400, 58: 400, 59: 400, 60: 400, 61: 400, 62: 400, 63: 400, 64: 400, 65: 400, 66: 400, 67: 400, 68: 400, 69: 400, 70: 400, 71: 400, 72: 400, 73: 400, 74: 400, 75: 400, 76: 400, 77: 400, 78: 400, 79: 400, 80: 400, 81: 400, 82: 400, 83: 400, 84: 400, 85: 400, 86: 400, 87: 400, 88: 400, 89: 400, 90: 400, 91: 400, 92: 400, 93: 400, 94: 400, 95: 400, 96: 400, 97: 400, 98: 400, 99: 400}
Validation class distribution: {0: 100, 1: 100, 2: 100, 3: 100, 4: 100, 5: 100, 6: 100, 7: 100, 8: 100, 9: 100, 10: 100, 11: 100, 12: 100, 13: 100, 14: 100, 15: 100, 16: 100, 17: 100, 18: 100, 19: 100, 20: 100, 21: 100, 22: 100, 23: 100, 24: 100, 25: 100, 26: 100, 27: 100, 28: 100, 29: 100, 30: 100, 31: 100, 32: 100, 33: 100, 34: 100, 35: 100, 36: 100, 37: 100, 38: 100, 39: 100, 40: 100, 41: 100, 42: 100, 43: 100, 44: 100, 45: 100, 46: 100, 47: 100, 48: 100, 49: 100, 50: 100, 51: 100, 52: 100, 53: 100, 54: 100, 55: 100, 56: 100, 57: 100, 58: 100, 59: 100, 60: 100, 61: 100, 62: 100, 63: 100, 64: 100, 65: 100, 66: 100, 67: 100, 68: 100, 69: 100, 70: 100, 71: 100, 72: 100, 73: 100, 74: 100, 75: 100, 76: 100, 77: 100, 78: 100, 79: 100, 80: 100, 81: 100, 82: 100, 83: 100, 84: 100, 85: 100, 86: 100, 87: 100, 88: 100, 89: 100, 90: 100, 91: 100, 92: 100, 93: 100, 94: 100, 95: 100, 96: 100, 97: 100, 98: 100, 99: 100}
Testing class distribution: {0: 100, 1: 100, 2: 100, 3: 100, 4: 100, 5: 100, 6: 100, 7: 100, 8: 100, 9: 100, 10: 100, 11: 100, 12: 100, 13: 100, 14: 100, 15: 100, 16: 100, 17: 100, 18: 100, 19: 100, 20: 100, 21: 100, 22: 100, 23: 100, 24: 100, 25: 100, 26: 100, 27: 100, 28: 100, 29: 100, 30: 100, 31: 100, 32: 100, 33: 100, 34: 100, 35: 100, 36: 100, 37: 100, 38: 100, 39: 100, 40: 100, 41: 100, 42: 100, 43: 100, 44: 100, 45: 100, 46: 100, 47: 100, 48: 100, 49: 100, 50: 100, 51: 100, 52: 100, 53: 100, 54: 100, 55: 100, 56: 100, 57: 100, 58: 100, 59: 100, 60: 100, 61: 100, 62: 100, 63: 100, 64: 100, 65: 100, 66: 100, 67: 100, 68: 100, 69: 100, 70: 100, 71: 100, 72: 100, 73: 100, 74: 100, 75: 100, 76: 100, 77: 100, 78: 100, 79: 100, 80: 100, 81: 100, 82: 100, 83: 100, 84: 100, 85: 100, 86: 100, 87: 100, 88: 100, 89: 100, 90: 100, 91: 100, 92: 100, 93: 100, 94: 100, 95: 100, 96: 100, 97: 100, 98: 100, 99: 100}
-------------
Epoch 1:

